---------
1: 1001
  2, 4, 3
  0, 0, 1
2: 1002
  2, 4, 4
  0, 0, 1
3: 1003
  2, 4, 5
  0, 0, 1
4: 1004
  2, 4, 6
  0, 0, 1
5: 1005
  2, 5, 3
  0, 0, 1
6: 1006
  2, 5, 4
  0, 0, 1
7: 1007
  2, 5, 5
  0, 0, 1
8: 1008
  2, 5, 6
  0, 0, 1
9: 1009
  2, 6, 3
  0, 0, 1
10: 1010
  2, 6, 4
  0, 0, 1
11: 1011
  2, 6, 5
  0, 0, 1
12: 1012
  2, 6, 6
  0, 0, 1
13: 1013
  2, 7, 3
  0, 0, 1
14: 1014
  2, 7, 4
  0, 0, 1
15: 1015
  2, 7, 5
  0, 0, 1
16: 1016
  2, 7, 6
  0, 0, 1
17: 1017
  2, 8, 3
  0, 0, 1
18: 1018
  2, 8, 4
  0, 0, 1
19: 1019
  2, 8, 5
  0, 0, 1
20: 1020
  2, 8, 6
  0, 0, 1
